<?xml version="1.0" encoding="UTF-8"?>
<testsuite name="com.example.jwt.JwtApplicationTests" tests="1" skipped="0" failures="0" errors="0" timestamp="2023-12-05T10:31:49" hostname="iyeong-geun-ui-MacBookAir.local" time="0.289">
  <properties/>
  <testcase name="contextLoads()" classname="com.example.jwt.JwtApplicationTests" time="0.289"/>
  <system-out><![CDATA[19:31:47.852 [Test worker] INFO org.springframework.test.context.support.AnnotationConfigContextLoaderUtils -- Could not detect default configuration classes for test class [com.example.jwt.JwtApplicationTests]: JwtApplicationTests does not declare any static, non-private, non-final, nested classes annotated with @Configuration.
19:31:47.896 [Test worker] INFO org.springframework.boot.test.context.SpringBootTestContextBootstrapper -- Found @SpringBootConfiguration com.example.jwt.JwtApplication for test class com.example.jwt.JwtApplicationTests

  .   ____          _            __ _ _
 /\\ / ___'_ __ _ _(_)_ __  __ _ \ \ \ \
( ( )\___ | '_ | '_| | '_ \/ _` | \ \ \ \
 \\/  ___)| |_)| | | | | || (_| |  ) ) ) )
  '  |____| .__|_| |_|_| |_\__, | / / / /
 =========|_|==============|___/=/_/_/_/
 :: Spring Boot ::                (v3.1.5)

2023-12-05T19:31:48.061+09:00  INFO 14569 --- [    Test worker] com.example.jwt.JwtApplicationTests      : Starting JwtApplicationTests using Java 17.0.8.1 with PID 14569 (started by yeong-geun in /Users/yeong-geun/Downloads/biochat-backend)
2023-12-05T19:31:48.062+09:00  INFO 14569 --- [    Test worker] com.example.jwt.JwtApplicationTests      : No active profile set, falling back to 1 default profile: "default"
2023-12-05T19:31:48.307+09:00  INFO 14569 --- [    Test worker] .s.d.r.c.RepositoryConfigurationDelegate : Bootstrapping Spring Data JPA repositories in DEFAULT mode.
2023-12-05T19:31:48.331+09:00  INFO 14569 --- [    Test worker] .s.d.r.c.RepositoryConfigurationDelegate : Finished Spring Data repository scanning in 21 ms. Found 2 JPA repository interfaces.
2023-12-05T19:31:48.531+09:00  INFO 14569 --- [    Test worker] o.hibernate.jpa.internal.util.LogHelper  : HHH000204: Processing PersistenceUnitInfo [name: default]
2023-12-05T19:31:48.551+09:00  INFO 14569 --- [    Test worker] org.hibernate.Version                    : HHH000412: Hibernate ORM core version 6.2.13.Final
2023-12-05T19:31:48.551+09:00  INFO 14569 --- [    Test worker] org.hibernate.cfg.Environment            : HHH000406: Using bytecode reflection optimizer
2023-12-05T19:31:48.648+09:00  INFO 14569 --- [    Test worker] o.s.o.j.p.SpringPersistenceUnitInfo      : No LoadTimeWeaver setup: ignoring JPA class transformer
2023-12-05T19:31:48.658+09:00  INFO 14569 --- [    Test worker] com.zaxxer.hikari.HikariDataSource       : HikariPool-1 - Starting...
2023-12-05T19:31:48.863+09:00  INFO 14569 --- [    Test worker] com.zaxxer.hikari.pool.HikariPool        : HikariPool-1 - Added connection com.mysql.cj.jdbc.ConnectionImpl@336e3be2
2023-12-05T19:31:48.865+09:00  INFO 14569 --- [    Test worker] com.zaxxer.hikari.HikariDataSource       : HikariPool-1 - Start completed.
2023-12-05T19:31:49.237+09:00  INFO 14569 --- [    Test worker] o.h.e.t.j.p.i.JtaPlatformInitiator       : HHH000489: No JTA platform available (set 'hibernate.transaction.jta.platform' to enable JTA platform integration)
Hibernate: alter table ChatLog drop foreign key FKl1exnokm1buer4nmj8sm0ug8
Hibernate: drop table if exists ChatLog
Hibernate: drop table if exists User
Hibernate: create table ChatLog (createdAt datetime(6), id bigint not null auto_increment, user_id bigint, answer mediumtext, question tinytext, primary key (id)) engine=InnoDB
Hibernate: create table User (id bigint not null auto_increment, password varchar(255), roles varchar(255), username varchar(255), primary key (id)) engine=InnoDB
Hibernate: alter table ChatLog add constraint FKl1exnokm1buer4nmj8sm0ug8 foreign key (user_id) references User (id)
2023-12-05T19:31:49.313+09:00  INFO 14569 --- [    Test worker] j.LocalContainerEntityManagerFactoryBean : Initialized JPA EntityManagerFactory for persistence unit 'default'
2023-12-05T19:31:49.470+09:00  WARN 14569 --- [    Test worker] JpaBaseConfiguration$JpaWebConfiguration : spring.jpa.open-in-view is enabled by default. Therefore, database queries may be performed during view rendering. Explicitly configure spring.jpa.open-in-view to disable this warning
2023-12-05T19:31:49.527+09:00  INFO 14569 --- [    Test worker] o.s.s.web.DefaultSecurityFilterChain     : Will secure any request with [org.springframework.security.web.session.DisableEncodeUrlFilter@35bf6dba, org.springframework.security.web.context.request.async.WebAsyncManagerIntegrationFilter@27caa186, org.springframework.security.web.context.SecurityContextHolderFilter@27ea552d, org.springframework.security.web.header.HeaderWriterFilter@198a0416, org.springframework.web.filter.CorsFilter@744673f3, org.springframework.security.web.authentication.logout.LogoutFilter@4bba2704, com.example.jwt.filter.JwtAuthenticationFilter@6ebf9c2d, com.example.jwt.filter.JwtAuthorizationFilter@753c7411, org.springframework.security.web.savedrequest.RequestCacheAwareFilter@742aa00a, org.springframework.security.web.servletapi.SecurityContextHolderAwareRequestFilter@2be208db, org.springframework.security.web.authentication.AnonymousAuthenticationFilter@3ba015b1, org.springframework.security.web.session.SessionManagementFilter@65871cfd, org.springframework.security.web.access.ExceptionTranslationFilter@69c263f8, org.springframework.security.web.access.intercept.FilterSecurityInterceptor@6fd07a56]
2023-12-05T19:31:49.718+09:00  INFO 14569 --- [    Test worker] com.example.jwt.JwtApplicationTests      : Started JwtApplicationTests in 1.762 seconds (process running for 2.233)
]]></system-out>
  <system-err><![CDATA[]]></system-err>
</testsuite>
